0 info it worked if it ends with ok
1 verbose cli [ 'C:\\natasha\\angularworkspace\\grangular\\.gradle\\nodejs\\node-v6.9.1-win-x64\\node.exe',
1 verbose cli   'C:\\natasha\\angularworkspace\\grangular\\.gradle\\nodejs\\node-v6.9.1-win-x64\\node_modules\\npm\\bin\\npm-cli.js',
1 verbose cli   'run',
1 verbose cli   'buildDev' ]
2 info using npm@3.10.8
3 info using node@v6.9.1
4 verbose run-script [ 'prebuildDev', 'buildDev', 'postbuildDev' ]
5 info lifecycle client@0.0.0~prebuildDev: client@0.0.0
6 silly lifecycle client@0.0.0~prebuildDev: no script for prebuildDev, continuing
7 info lifecycle client@0.0.0~buildDev: client@0.0.0
8 verbose lifecycle client@0.0.0~buildDev: unsafe-perm in lifecycle true
9 verbose lifecycle client@0.0.0~buildDev: PATH: C:\natasha\angularworkspace\grangular\.gradle\nodejs\node-v6.9.1-win-x64\node_modules\npm\bin\node-gyp-bin;C:\natasha\angularworkspace\grangular\src\main\client\node_modules\.bin;C:\natasha\angularworkspace\grangular\.gradle\nodejs\node-v6.9.1-win-x64;C:\ProgramData\Oracle\Java\javapath;C:\Windows\system32;C:\Windows;C:\Windows\System32\Wbem;C:\Windows\System32\WindowsPowerShell\v1.0\;C:\Windows\CCM;C:\Windows\CCM;C:\Windows\CCM;C:\Program Files\TortoiseSVN\bin;C:\Program Files (x86)\Microsoft SQL Server\Client SDK\ODBC\130\Tools\Binn\;C:\Program Files (x86)\Microsoft SQL Server\140\Tools\Binn\;C:\Program Files (x86)\Microsoft SQL Server\140\DTS\Binn\;C:\Program Files (x86)\Microsoft SQL Server\140\Tools\Binn\ManagementStudio\;C:\Program Files\Java\jdk1.8.0_92\bin;C:\natasha\downloads\grails-3.2.3\bin;C:\Program Files\PuTTY\;C:\natasha\downloads\apache-maven-3.5.3\bin;C:\Program Files\nodejs\;C:\Program Files\Git\cmd;C:\Users\natasha.juneja\AppData\Local\Microsoft\WindowsApps;C:\Program Files\Java\jdk1.8.0_92\bin;C:\Program Files\Java\jdk1.8.0_92\bin;C:\Users\natasha.juneja\AppData\Local\Programs\Fiddler;C:\Users\natasha.juneja\AppData\Roaming\npm;C:\Program Files\Git\cmd;
10 verbose lifecycle client@0.0.0~buildDev: CWD: C:\natasha\angularworkspace\grangular\src\main\client
11 silly lifecycle client@0.0.0~buildDev: Args: [ '/d /s /c', 'ng build' ]
12 silly lifecycle client@0.0.0~buildDev: Returned: code: 3  signal: null
13 info lifecycle client@0.0.0~buildDev: Failed to exec buildDev script
14 verbose stack Error: client@0.0.0 buildDev: `ng build`
14 verbose stack Exit status 3
14 verbose stack     at EventEmitter.<anonymous> (C:\natasha\angularworkspace\grangular\.gradle\nodejs\node-v6.9.1-win-x64\node_modules\npm\lib\utils\lifecycle.js:255:16)
14 verbose stack     at emitTwo (events.js:106:13)
14 verbose stack     at EventEmitter.emit (events.js:191:7)
14 verbose stack     at ChildProcess.<anonymous> (C:\natasha\angularworkspace\grangular\.gradle\nodejs\node-v6.9.1-win-x64\node_modules\npm\lib\utils\spawn.js:40:14)
14 verbose stack     at emitTwo (events.js:106:13)
14 verbose stack     at ChildProcess.emit (events.js:191:7)
14 verbose stack     at maybeClose (internal/child_process.js:877:16)
14 verbose stack     at Process.ChildProcess._handle.onexit (internal/child_process.js:226:5)
15 verbose pkgid client@0.0.0
16 verbose cwd C:\natasha\angularworkspace\grangular\src\main\client
17 error Windows_NT 10.0.16299
18 error argv "C:\\natasha\\angularworkspace\\grangular\\.gradle\\nodejs\\node-v6.9.1-win-x64\\node.exe" "C:\\natasha\\angularworkspace\\grangular\\.gradle\\nodejs\\node-v6.9.1-win-x64\\node_modules\\npm\\bin\\npm-cli.js" "run" "buildDev"
19 error node v6.9.1
20 error npm  v3.10.8
21 error code ELIFECYCLE
22 error client@0.0.0 buildDev: `ng build`
22 error Exit status 3
23 error Failed at the client@0.0.0 buildDev script 'ng build'.
23 error Make sure you have the latest version of node.js and npm installed.
23 error If you do, this is most likely a problem with the client package,
23 error not with npm itself.
23 error Tell the author that this fails on your system:
23 error     ng build
23 error You can get information on how to open an issue for this project with:
23 error     npm bugs client
23 error Or if that isn't available, you can get their info via:
23 error     npm owner ls client
23 error There is likely additional logging output above.
24 verbose exit [ 1, true ]
